d:\git\cpp\tagiconoverlayhandler\tagiconoverlayhandler\x64\release\tagiconoverlayhandler.pch
d:\git\cpp\tagiconoverlayhandler\tagiconoverlayhandler\x64\release\vc143.pdb
d:\git\cpp\tagiconoverlayhandler\tagiconoverlayhandler\x64\release\stdafx.obj
d:\git\cpp\tagiconoverlayhandler\tagiconoverlayhandler\x64\release\dllmain.obj
d:\git\cpp\tagiconoverlayhandler\tagiconoverlayhandler\x64\release\tagiconoverlayshlext.obj
d:\git\cpp\tagiconoverlayhandler\tagiconoverlayhandler\x64\release\tagiconoverlayhandler.obj
d:\git\cpp\tagiconoverlayhandler\tagiconoverlayhandler\x64\release\tagdatareader.obj
d:\git\cpp\tagiconoverlayhandler\tagiconoverlayhandler\x64\release\xdlldata.obj
d:\git\cpp\tagiconoverlayhandler\tagiconoverlayhandler\x64\release\tagiconoverlayhandler_i.obj
d:\git\cpp\tagiconoverlayhandler\x64\release\tagiconoverlayhandler.dll
d:\git\cpp\tagiconoverlayhandler\x64\release\tagiconoverlayhandler.pdb
d:\git\cpp\tagiconoverlayhandler\tagiconoverlayhandler\x64\release\tagiconoverlayhandler.tlb
d:\git\cpp\tagiconoverlayhandler\tagiconoverlayhandler\tagiconoverlayhandler_p.c
d:\git\cpp\tagiconoverlayhandler\tagiconoverlayhandler\tagiconoverlayhandler_i.c
d:\git\cpp\tagiconoverlayhandler\tagiconoverlayhandler\tagiconoverlayhandler_i.h
d:\git\cpp\tagiconoverlayhandler\tagiconoverlayhandler\x64\release\tagiconoverlayhandler.res
d:\git\cpp\tagiconoverlayhandler\x64\release\tagiconoverlayhandler.lib
d:\git\cpp\tagiconoverlayhandler\x64\release\tagiconoverlayhandler.exp
d:\git\cpp\tagiconoverlayhandler\tagiconoverlayhandler\x64\release\tagicono.738768cd.tlog\cl.command.1.tlog
d:\git\cpp\tagiconoverlayhandler\tagiconoverlayhandler\x64\release\tagicono.738768cd.tlog\cl.read.1.tlog
d:\git\cpp\tagiconoverlayhandler\tagiconoverlayhandler\x64\release\tagicono.738768cd.tlog\cl.write.1.tlog
d:\git\cpp\tagiconoverlayhandler\tagiconoverlayhandler\x64\release\tagicono.738768cd.tlog\link.command.1.tlog
d:\git\cpp\tagiconoverlayhandler\tagiconoverlayhandler\x64\release\tagicono.738768cd.tlog\link.read.1.tlog
d:\git\cpp\tagiconoverlayhandler\tagiconoverlayhandler\x64\release\tagicono.738768cd.tlog\link.write.1.tlog
d:\git\cpp\tagiconoverlayhandler\tagiconoverlayhandler\x64\release\tagicono.738768cd.tlog\midl.command.1.tlog
d:\git\cpp\tagiconoverlayhandler\tagiconoverlayhandler\x64\release\tagicono.738768cd.tlog\midl.read.1.tlog
d:\git\cpp\tagiconoverlayhandler\tagiconoverlayhandler\x64\release\tagicono.738768cd.tlog\midl.write.1.tlog
d:\git\cpp\tagiconoverlayhandler\tagiconoverlayhandler\x64\release\tagicono.738768cd.tlog\rc.command.1.tlog
d:\git\cpp\tagiconoverlayhandler\tagiconoverlayhandler\x64\release\tagicono.738768cd.tlog\rc.read.1.tlog
d:\git\cpp\tagiconoverlayhandler\tagiconoverlayhandler\x64\release\tagicono.738768cd.tlog\rc.write.1.tlog
d:\git\cpp\tagiconoverlayhandler\tagiconoverlayhandler\x64\release\tagicono.738768cd.tlog\tagiconoverlayhandler.write.1u.tlog
