d:\app\cpp\tagiconoverlayhandler\tagiconoverlayhandler\debug\tagiconoverlayhandler.pch
d:\app\cpp\tagiconoverlayhandler\tagiconoverlayhandler\debug\vc120.pdb
d:\app\cpp\tagiconoverlayhandler\tagiconoverlayhandler\debug\vc120.idb
d:\app\cpp\tagiconoverlayhandler\tagiconoverlayhandler\debug\stdafx.obj
d:\app\cpp\tagiconoverlayhandler\tagiconoverlayhandler\debug\dllmain.obj
d:\app\cpp\tagiconoverlayhandler\tagiconoverlayhandler\debug\tagiconoverlayhandler.obj
d:\app\cpp\tagiconoverlayhandler\tagiconoverlayhandler\debug\tagiconoverlayshlext.obj
d:\app\cpp\tagiconoverlayhandler\tagiconoverlayhandler\debug\tagiconoverlayhandler_i.obj
d:\app\cpp\tagiconoverlayhandler\tagiconoverlayhandler\debug\xdlldata.obj
d:\app\cpp\tagiconoverlayhandler\tagiconoverlayhandler\debug\tagdatareader.obj
d:\app\cpp\tagiconoverlayhandler\tagiconoverlayhandler\debug\tagiconoverlayhandler.tlb
d:\app\cpp\tagiconoverlayhandler\tagiconoverlayhandler\tagiconoverlayhandler_p.c
d:\app\cpp\tagiconoverlayhandler\tagiconoverlayhandler\tagiconoverlayhandler_i.c
d:\app\cpp\tagiconoverlayhandler\tagiconoverlayhandler\tagiconoverlayhandler_i.h
d:\app\cpp\tagiconoverlayhandler\tagiconoverlayhandler\debug\tagiconoverlayhandler.res
d:\app\cpp\tagiconoverlayhandler\debug\tagiconoverlayhandler.lib
d:\app\cpp\tagiconoverlayhandler\debug\tagiconoverlayhandler.exp
d:\app\cpp\tagiconoverlayhandler\debug\tagiconoverlayhandler.pdb
d:\app\cpp\tagiconoverlayhandler\debug\tagiconoverlayhandler.dll
d:\app\cpp\tagiconoverlayhandler\debug\tagiconoverlayhandler.ilk
d:\app\cpp\tagiconoverlayhandler\tagiconoverlayhandler\debug\tagicono.738768cd.tlog\cl.command.1.tlog
d:\app\cpp\tagiconoverlayhandler\tagiconoverlayhandler\debug\tagicono.738768cd.tlog\cl.read.1.tlog
d:\app\cpp\tagiconoverlayhandler\tagiconoverlayhandler\debug\tagicono.738768cd.tlog\cl.write.1.tlog
d:\app\cpp\tagiconoverlayhandler\tagiconoverlayhandler\debug\tagicono.738768cd.tlog\link.command.1.tlog
d:\app\cpp\tagiconoverlayhandler\tagiconoverlayhandler\debug\tagicono.738768cd.tlog\link.read.1.tlog
d:\app\cpp\tagiconoverlayhandler\tagiconoverlayhandler\debug\tagicono.738768cd.tlog\link.write.1.tlog
d:\app\cpp\tagiconoverlayhandler\tagiconoverlayhandler\debug\tagicono.738768cd.tlog\midl.command.1.tlog
d:\app\cpp\tagiconoverlayhandler\tagiconoverlayhandler\debug\tagicono.738768cd.tlog\midl.read.1.tlog
d:\app\cpp\tagiconoverlayhandler\tagiconoverlayhandler\debug\tagicono.738768cd.tlog\midl.write.1.tlog
d:\app\cpp\tagiconoverlayhandler\tagiconoverlayhandler\debug\tagicono.738768cd.tlog\rc.command.1.tlog
d:\app\cpp\tagiconoverlayhandler\tagiconoverlayhandler\debug\tagicono.738768cd.tlog\rc.read.1.tlog
d:\app\cpp\tagiconoverlayhandler\tagiconoverlayhandler\debug\tagicono.738768cd.tlog\rc.write.1.tlog
d:\app\cpp\tagiconoverlayhandler\tagiconoverlayhandler\debug\tagicono.738768cd.tlog\tagiconoverlayhandler.write.1u.tlog
