生成启动时间为 2022/10/28 15:35:27。
     1>项目“D:\app\cpp\TagIconOverlayHandler\TagIconOverlayHandler\TagIconOverlayHandler.vcxproj”在节点 2 上(Build 个目标)。
     1>ClCompile:
         D:\Microsoft Visual Studio 12.0\VC\bin\CL.exe /c /ZI /nologo /W3 /WX- /sdl /Od /Oy- /D WIN32 /D _WINDOWS /D _DEBUG /D _USRDLL /D _WINDLL /D _UNICODE /D UNICODE /D _AFXDLL /Gm /EHsc /RTC1 /MDd /GS /fp:precise /Zc:wchar_t /Zc:forScope /Yu"stdafx.h" /Fp"Debug\TagIconOverlayHandler.pch" /Fo"Debug\\" /Fd"Debug\vc120.pdb" /Gd /TP /analyze- /errorReport:prompt TagIconOverlayShlExt.cpp
         TagIconOverlayShlExt.cpp
       Link:
         D:\Microsoft Visual Studio 12.0\VC\bin\link.exe /ERRORREPORT:PROMPT /OUT:"D:\app\cpp\TagIconOverlayHandler\Debug\TagIconOverlayHandler.dll" /INCREMENTAL /NOLOGO /DEF:".\TagIconOverlayHandler.def" /MANIFEST /MANIFESTUAC:"level='asInvoker' uiAccess='false'" /manifest:embed /manifestinput:"D:\Microsoft Visual Studio 12.0\VC\Include\Manifest\dpiaware.manifest" /DEBUG /PDB:"D:\app\cpp\TagIconOverlayHandler\Debug\TagIconOverlayHandler.pdb" /SUBSYSTEM:WINDOWS /TLBID:1 /DYNAMICBASE /NXCOMPAT /MACHINE:X86 /DLL Debug\TagIconOverlayHandler.res
         Debug\dllmain.obj
         Debug\stdafx.obj
         Debug\TagDataReader.obj
         Debug\TagIconOverlayHandler.obj
         Debug\TagIconOverlayHandler_i.obj
         Debug\TagIconOverlayShlExt.obj
         Debug\xdlldata.obj
         TagIconOverlayHandler.vcxproj -> D:\app\cpp\TagIconOverlayHandler\Debug\TagIconOverlayHandler.dll
       RegisterOutput:
         regsvr32 /s "D:\app\cpp\TagIconOverlayHandler\Debug\TagIconOverlayHandler.dll"
     1>已完成生成项目“D:\app\cpp\TagIconOverlayHandler\TagIconOverlayHandler\TagIconOverlayHandler.vcxproj”(Build 个目标)的操作。

生成成功。

已用时间 00:00:01.21
