d:\git\cpp\tagiconoverlayhandler\tagiconoverlayhandler\x64\debug\tagiconoverlayhandler.pch
d:\git\cpp\tagiconoverlayhandler\tagiconoverlayhandler\x64\debug\vc143.pdb
d:\git\cpp\tagiconoverlayhandler\tagiconoverlayhandler\x64\debug\vc143.idb
d:\git\cpp\tagiconoverlayhandler\tagiconoverlayhandler\x64\debug\stdafx.obj
d:\git\cpp\tagiconoverlayhandler\tagiconoverlayhandler\x64\debug\dllmain.obj
d:\git\cpp\tagiconoverlayhandler\tagiconoverlayhandler\x64\debug\tagiconoverlayshlext.obj
d:\git\cpp\tagiconoverlayhandler\tagiconoverlayhandler\x64\debug\tagiconoverlayhandler.obj
d:\git\cpp\tagiconoverlayhandler\tagiconoverlayhandler\x64\debug\tagdatareader.obj
d:\git\cpp\tagiconoverlayhandler\tagiconoverlayhandler\x64\debug\xdlldata.obj
d:\git\cpp\tagiconoverlayhandler\tagiconoverlayhandler\x64\debug\tagiconoverlayhandler_i.obj
d:\git\cpp\tagiconoverlayhandler\tagiconoverlayhandler\x64\debug\tagiconoverlayhandler.ilk
d:\git\cpp\tagiconoverlayhandler\x64\debug\tagiconoverlayhandler.dll
d:\git\cpp\tagiconoverlayhandler\x64\debug\tagiconoverlayhandler.pdb
d:\git\cpp\tagiconoverlayhandler\tagiconoverlayhandler\x64\debug\tagiconoverlayhandler.tlb
d:\git\cpp\tagiconoverlayhandler\tagiconoverlayhandler\tagiconoverlayhandler_p.c
d:\git\cpp\tagiconoverlayhandler\tagiconoverlayhandler\tagiconoverlayhandler_i.c
d:\git\cpp\tagiconoverlayhandler\tagiconoverlayhandler\tagiconoverlayhandler_i.h
d:\git\cpp\tagiconoverlayhandler\tagiconoverlayhandler\x64\debug\tagiconoverlayhandler.res
d:\git\cpp\tagiconoverlayhandler\x64\debug\tagiconoverlayhandler.lib
d:\git\cpp\tagiconoverlayhandler\x64\debug\tagiconoverlayhandler.exp
d:\git\cpp\tagiconoverlayhandler\tagiconoverlayhandler\x64\debug\tagicono.738768cd.tlog\cl.command.1.tlog
d:\git\cpp\tagiconoverlayhandler\tagiconoverlayhandler\x64\debug\tagicono.738768cd.tlog\cl.read.1.tlog
d:\git\cpp\tagiconoverlayhandler\tagiconoverlayhandler\x64\debug\tagicono.738768cd.tlog\cl.write.1.tlog
d:\git\cpp\tagiconoverlayhandler\tagiconoverlayhandler\x64\debug\tagicono.738768cd.tlog\link.command.1.tlog
d:\git\cpp\tagiconoverlayhandler\tagiconoverlayhandler\x64\debug\tagicono.738768cd.tlog\link.read.1.tlog
d:\git\cpp\tagiconoverlayhandler\tagiconoverlayhandler\x64\debug\tagicono.738768cd.tlog\link.write.1.tlog
d:\git\cpp\tagiconoverlayhandler\tagiconoverlayhandler\x64\debug\tagicono.738768cd.tlog\midl.command.1.tlog
d:\git\cpp\tagiconoverlayhandler\tagiconoverlayhandler\x64\debug\tagicono.738768cd.tlog\midl.read.1.tlog
d:\git\cpp\tagiconoverlayhandler\tagiconoverlayhandler\x64\debug\tagicono.738768cd.tlog\midl.write.1.tlog
d:\git\cpp\tagiconoverlayhandler\tagiconoverlayhandler\x64\debug\tagicono.738768cd.tlog\rc.command.1.tlog
d:\git\cpp\tagiconoverlayhandler\tagiconoverlayhandler\x64\debug\tagicono.738768cd.tlog\rc.read.1.tlog
d:\git\cpp\tagiconoverlayhandler\tagiconoverlayhandler\x64\debug\tagicono.738768cd.tlog\rc.write.1.tlog
d:\git\cpp\tagiconoverlayhandler\tagiconoverlayhandler\x64\debug\tagicono.738768cd.tlog\tagiconoverlayhandler.write.1u.tlog
